<?xml version="1.0" encoding="UTF-8"?>
<!-- Generated by org.testng.reporters.JUnitXMLReporter -->
<testsuite ignored="0" hostname="XIPL91114" failures="0" tests="3" name="Default test" time="94.67" errors="0" timestamp="2022-09-30T14:54:02 IST">
  <testcase classname="automation.Assignment.AutomationTestCase" name="checkout" time="19.466"/>
  <testcase classname="automation.Assignment.AutomationTestCase" name="checkout" time="30.608"/>
  <testcase classname="automation.Assignment.AutomationTestCase" name="checkout" time="44.554"/>
</testsuite> <!-- Default test -->
